Analysis & Synthesis report for custom_trigger
Wed May 11 15:45:38 2022
Quartus II 64-Bit Version 13.0.1 Build 232 06/12/2013 Service Pack 1 SJ Web Edition


---------------------
; Table of Contents ;
---------------------
  1. Legal Notice
  2. Analysis & Synthesis Summary
  3. Analysis & Synthesis Settings
  4. Parallel Compilation
  5. Analysis & Synthesis Source Files Read
  6. Analysis & Synthesis Resource Usage Summary
  7. Analysis & Synthesis Resource Utilization by Entity
  8. User-Specified and Inferred Latches
  9. General Register Statistics
 10. Inverted Register Statistics
 11. Parameter Settings for Inferred Entity Instance: lpm_divide:Div0
 12. Parameter Settings for Inferred Entity Instance: lpm_divide:Mod0
 13. Elapsed Time Per Partition
 14. Analysis & Synthesis Messages
 15. Analysis & Synthesis Suppressed Messages



----------------
; Legal Notice ;
----------------
Copyright (C) 1991-2013 Altera Corporation
Your use of Altera Corporation's design tools, logic functions 
and other software and tools, and its AMPP partner logic 
functions, and any output files from any of the foregoing 
(including device programming or simulation files), and any 
associated documentation or information are expressly subject 
to the terms and conditions of the Altera Program License 
Subscription Agreement, Altera MegaCore Function License 
Agreement, or other applicable license agreement, including, 
without limitation, that your use is for the sole purpose of 
programming logic devices manufactured by Altera and sold by 
Altera or its authorized distributors.  Please refer to the 
applicable agreement for further details.



+--------------------------------------------------------------------------------------+
; Analysis & Synthesis Summary                                                         ;
+------------------------------------+-------------------------------------------------+
; Analysis & Synthesis Status        ; Successful - Wed May 11 15:45:38 2022           ;
; Quartus II 64-Bit Version          ; 13.0.1 Build 232 06/12/2013 SP 1 SJ Web Edition ;
; Revision Name                      ; custom_trigger                                  ;
; Top-level Entity Name              ; custom_reg                                      ;
; Family                             ; Cyclone II                                      ;
; Total logic elements               ; 214                                             ;
;     Total combinational functions  ; 204                                             ;
;     Dedicated logic registers      ; 20                                              ;
; Total registers                    ; 20                                              ;
; Total pins                         ; 82                                              ;
; Total virtual pins                 ; 0                                               ;
; Total memory bits                  ; 0                                               ;
; Embedded Multiplier 9-bit elements ; 0                                               ;
; Total PLLs                         ; 0                                               ;
+------------------------------------+-------------------------------------------------+


+----------------------------------------------------------------------------------------------------------------------+
; Analysis & Synthesis Settings                                                                                        ;
+----------------------------------------------------------------------------+--------------------+--------------------+
; Option                                                                     ; Setting            ; Default Value      ;
+----------------------------------------------------------------------------+--------------------+--------------------+
; Device                                                                     ; EP2C20F484C7       ;                    ;
; Top-level entity name                                                      ; custom_reg         ; custom_trigger     ;
; Family name                                                                ; Cyclone II         ; Cyclone IV GX      ;
; Use smart compilation                                                      ; Off                ; Off                ;
; Enable parallel Assembler and TimeQuest Timing Analyzer during compilation ; On                 ; On                 ;
; Enable compact report table                                                ; Off                ; Off                ;
; Restructure Multiplexers                                                   ; Auto               ; Auto               ;
; Create Debugging Nodes for IP Cores                                        ; Off                ; Off                ;
; Preserve fewer node names                                                  ; On                 ; On                 ;
; Disable OpenCore Plus hardware evaluation                                  ; Off                ; Off                ;
; Verilog Version                                                            ; Verilog_2001       ; Verilog_2001       ;
; VHDL Version                                                               ; VHDL_1993          ; VHDL_1993          ;
; State Machine Processing                                                   ; Auto               ; Auto               ;
; Safe State Machine                                                         ; Off                ; Off                ;
; Extract Verilog State Machines                                             ; On                 ; On                 ;
; Extract VHDL State Machines                                                ; On                 ; On                 ;
; Ignore Verilog initial constructs                                          ; Off                ; Off                ;
; Iteration limit for constant Verilog loops                                 ; 5000               ; 5000               ;
; Iteration limit for non-constant Verilog loops                             ; 250                ; 250                ;
; Add Pass-Through Logic to Inferred RAMs                                    ; On                 ; On                 ;
; Infer RAMs from Raw Logic                                                  ; On                 ; On                 ;
; Parallel Synthesis                                                         ; On                 ; On                 ;
; DSP Block Balancing                                                        ; Auto               ; Auto               ;
; NOT Gate Push-Back                                                         ; On                 ; On                 ;
; Power-Up Don't Care                                                        ; On                 ; On                 ;
; Remove Redundant Logic Cells                                               ; Off                ; Off                ;
; Remove Duplicate Registers                                                 ; On                 ; On                 ;
; Ignore CARRY Buffers                                                       ; Off                ; Off                ;
; Ignore CASCADE Buffers                                                     ; Off                ; Off                ;
; Ignore GLOBAL Buffers                                                      ; Off                ; Off                ;
; Ignore ROW GLOBAL Buffers                                                  ; Off                ; Off                ;
; Ignore LCELL Buffers                                                       ; Off                ; Off                ;
; Ignore SOFT Buffers                                                        ; On                 ; On                 ;
; Limit AHDL Integers to 32 Bits                                             ; Off                ; Off                ;
; Optimization Technique                                                     ; Balanced           ; Balanced           ;
; Carry Chain Length                                                         ; 70                 ; 70                 ;
; Auto Carry Chains                                                          ; On                 ; On                 ;
; Auto Open-Drain Pins                                                       ; On                 ; On                 ;
; Perform WYSIWYG Primitive Resynthesis                                      ; Off                ; Off                ;
; Auto ROM Replacement                                                       ; On                 ; On                 ;
; Auto RAM Replacement                                                       ; On                 ; On                 ;
; Auto Shift Register Replacement                                            ; Auto               ; Auto               ;
; Allow Shift Register Merging across Hierarchies                            ; Auto               ; Auto               ;
; Auto Clock Enable Replacement                                              ; On                 ; On                 ;
; Strict RAM Replacement                                                     ; Off                ; Off                ;
; Allow Synchronous Control Signals                                          ; On                 ; On                 ;
; Force Use of Synchronous Clear Signals                                     ; Off                ; Off                ;
; Auto RAM to Logic Cell Conversion                                          ; Off                ; Off                ;
; Auto Resource Sharing                                                      ; Off                ; Off                ;
; Allow Any RAM Size For Recognition                                         ; Off                ; Off                ;
; Allow Any ROM Size For Recognition                                         ; Off                ; Off                ;
; Allow Any Shift Register Size For Recognition                              ; Off                ; Off                ;
; Use LogicLock Constraints during Resource Balancing                        ; On                 ; On                 ;
; Ignore translate_off and synthesis_off directives                          ; Off                ; Off                ;
; Timing-Driven Synthesis                                                    ; Off                ; Off                ;
; Report Parameter Settings                                                  ; On                 ; On                 ;
; Report Source Assignments                                                  ; On                 ; On                 ;
; Report Connectivity Checks                                                 ; On                 ; On                 ;
; Ignore Maximum Fan-Out Assignments                                         ; Off                ; Off                ;
; Synchronization Register Chain Length                                      ; 2                  ; 2                  ;
; PowerPlay Power Optimization                                               ; Normal compilation ; Normal compilation ;
; HDL message level                                                          ; Level2             ; Level2             ;
; Suppress Register Optimization Related Messages                            ; Off                ; Off                ;
; Number of Removed Registers Reported in Synthesis Report                   ; 5000               ; 5000               ;
; Number of Swept Nodes Reported in Synthesis Report                         ; 5000               ; 5000               ;
; Number of Inverted Registers Reported in Synthesis Report                  ; 100                ; 100                ;
; Clock MUX Protection                                                       ; On                 ; On                 ;
; Auto Gated Clock Conversion                                                ; Off                ; Off                ;
; Block Design Naming                                                        ; Auto               ; Auto               ;
; SDC constraint protection                                                  ; Off                ; Off                ;
; Synthesis Effort                                                           ; Auto               ; Auto               ;
; Shift Register Replacement - Allow Asynchronous Clear Signal               ; On                 ; On                 ;
; Pre-Mapping Resynthesis Optimization                                       ; Off                ; Off                ;
; Analysis & Synthesis Message Level                                         ; Medium             ; Medium             ;
; Disable Register Merging Across Hierarchies                                ; Auto               ; Auto               ;
; Resource Aware Inference For Block RAM                                     ; On                 ; On                 ;
; Synthesis Seed                                                             ; 1                  ; 1                  ;
+----------------------------------------------------------------------------+--------------------+--------------------+


Parallel compilation was disabled, but you have multiple processors available. Enable parallel compilation to reduce compilation time.
+-------------------------------------+
; Parallel Compilation                ;
+----------------------------+--------+
; Processors                 ; Number ;
+----------------------------+--------+
; Number detected on machine ; 12     ;
; Maximum allowed            ; 1      ;
+----------------------------+--------+


+--------------------------------------------------------------------------------------------------------------------------------------------------------------+
; Analysis & Synthesis Source Files Read                                                                                                                       ;
+----------------------------------+-----------------+------------------------------+----------------------------------------------------------------+---------+
; File Name with User-Entered Path ; Used in Netlist ; File Type                    ; File Name with Absolute Path                                   ; Library ;
+----------------------------------+-----------------+------------------------------+----------------------------------------------------------------+---------+
; custom_reg.v                     ; yes             ; User Verilog HDL File        ; E:/Cvartus/Projects/Lab4_trigger/custom_reg.v                  ;         ;
; lpm_divide.tdf                   ; yes             ; Megafunction                 ; e:/cvartus/quartus/libraries/megafunctions/lpm_divide.tdf      ;         ;
; abs_divider.inc                  ; yes             ; Megafunction                 ; e:/cvartus/quartus/libraries/megafunctions/abs_divider.inc     ;         ;
; sign_div_unsign.inc              ; yes             ; Megafunction                 ; e:/cvartus/quartus/libraries/megafunctions/sign_div_unsign.inc ;         ;
; aglobal130.inc                   ; yes             ; Megafunction                 ; e:/cvartus/quartus/libraries/megafunctions/aglobal130.inc      ;         ;
; db/lpm_divide_eem.tdf            ; yes             ; Auto-Generated Megafunction  ; E:/Cvartus/Projects/Lab4_trigger/db/lpm_divide_eem.tdf         ;         ;
; db/sign_div_unsign_olh.tdf       ; yes             ; Auto-Generated Megafunction  ; E:/Cvartus/Projects/Lab4_trigger/db/sign_div_unsign_olh.tdf    ;         ;
; db/alt_u_div_i2f.tdf             ; yes             ; Auto-Generated Megafunction  ; E:/Cvartus/Projects/Lab4_trigger/db/alt_u_div_i2f.tdf          ;         ;
; db/add_sub_lkc.tdf               ; yes             ; Auto-Generated Megafunction  ; E:/Cvartus/Projects/Lab4_trigger/db/add_sub_lkc.tdf            ;         ;
; db/add_sub_mkc.tdf               ; yes             ; Auto-Generated Megafunction  ; E:/Cvartus/Projects/Lab4_trigger/db/add_sub_mkc.tdf            ;         ;
; db/lpm_divide_45m.tdf            ; yes             ; Auto-Generated Megafunction  ; E:/Cvartus/Projects/Lab4_trigger/db/lpm_divide_45m.tdf         ;         ;
; db/sign_div_unsign_bkh.tdf       ; yes             ; Auto-Generated Megafunction  ; E:/Cvartus/Projects/Lab4_trigger/db/sign_div_unsign_bkh.tdf    ;         ;
; db/alt_u_div_ove.tdf             ; yes             ; Auto-Generated Megafunction  ; E:/Cvartus/Projects/Lab4_trigger/db/alt_u_div_ove.tdf          ;         ;
+----------------------------------+-----------------+------------------------------+----------------------------------------------------------------+---------+


+--------------------------------------------------------+
; Analysis & Synthesis Resource Usage Summary            ;
+---------------------------------------------+----------+
; Resource                                    ; Usage    ;
+---------------------------------------------+----------+
; Estimated Total logic elements              ; 214      ;
;                                             ;          ;
; Total combinational functions               ; 204      ;
; Logic element usage by number of LUT inputs ;          ;
;     -- 4 input functions                    ; 30       ;
;     -- 3 input functions                    ; 74       ;
;     -- <=2 input functions                  ; 100      ;
;                                             ;          ;
; Logic elements by mode                      ;          ;
;     -- normal mode                          ; 141      ;
;     -- arithmetic mode                      ; 63       ;
;                                             ;          ;
; Total registers                             ; 20       ;
;     -- Dedicated logic registers            ; 20       ;
;     -- I/O registers                        ; 0        ;
;                                             ;          ;
; I/O pins                                    ; 82       ;
; Embedded Multiplier 9-bit elements          ; 0        ;
; Maximum fan-out node                        ; CLOCK_50 ;
; Maximum fan-out                             ; 20       ;
; Total fan-out                               ; 647      ;
; Average fan-out                             ; 2.11     ;
+---------------------------------------------+----------+


+---------------------------------------------------------------------------------------------------------------------------------------------------------------------------------------------------------------------------------------------------------------------------------+
; Analysis & Synthesis Resource Utilization by Entity                                                                                                                                                                                                                             ;
+----------------------------------------+-------------------+--------------+-------------+--------------+---------+-----------+------+--------------+-------------------------------------------------------------------------------------------------------------+--------------+
; Compilation Hierarchy Node             ; LC Combinationals ; LC Registers ; Memory Bits ; DSP Elements ; DSP 9x9 ; DSP 18x18 ; Pins ; Virtual Pins ; Full Hierarchy Name                                                                                         ; Library Name ;
+----------------------------------------+-------------------+--------------+-------------+--------------+---------+-----------+------+--------------+-------------------------------------------------------------------------------------------------------------+--------------+
; |custom_reg                            ; 204 (53)          ; 20 (20)      ; 0           ; 0            ; 0       ; 0         ; 82   ; 0            ; |custom_reg                                                                                                 ; work         ;
;    |lpm_divide:Div0|                   ; 92 (0)            ; 0 (0)        ; 0           ; 0            ; 0       ; 0         ; 0    ; 0            ; |custom_reg|lpm_divide:Div0                                                                                 ; work         ;
;       |lpm_divide_eem:auto_generated|  ; 92 (0)            ; 0 (0)        ; 0           ; 0            ; 0       ; 0         ; 0    ; 0            ; |custom_reg|lpm_divide:Div0|lpm_divide_eem:auto_generated                                                   ; work         ;
;          |sign_div_unsign_olh:divider| ; 92 (0)            ; 0 (0)        ; 0           ; 0            ; 0       ; 0         ; 0    ; 0            ; |custom_reg|lpm_divide:Div0|lpm_divide_eem:auto_generated|sign_div_unsign_olh:divider                       ; work         ;
;             |alt_u_div_i2f:divider|    ; 92 (92)           ; 0 (0)        ; 0           ; 0            ; 0       ; 0         ; 0    ; 0            ; |custom_reg|lpm_divide:Div0|lpm_divide_eem:auto_generated|sign_div_unsign_olh:divider|alt_u_div_i2f:divider ; work         ;
;    |lpm_divide:Mod0|                   ; 59 (0)            ; 0 (0)        ; 0           ; 0            ; 0       ; 0         ; 0    ; 0            ; |custom_reg|lpm_divide:Mod0                                                                                 ; work         ;
;       |lpm_divide_45m:auto_generated|  ; 59 (0)            ; 0 (0)        ; 0           ; 0            ; 0       ; 0         ; 0    ; 0            ; |custom_reg|lpm_divide:Mod0|lpm_divide_45m:auto_generated                                                   ; work         ;
;          |sign_div_unsign_bkh:divider| ; 59 (0)            ; 0 (0)        ; 0           ; 0            ; 0       ; 0         ; 0    ; 0            ; |custom_reg|lpm_divide:Mod0|lpm_divide_45m:auto_generated|sign_div_unsign_bkh:divider                       ; work         ;
;             |alt_u_div_ove:divider|    ; 59 (59)           ; 0 (0)        ; 0           ; 0            ; 0       ; 0         ; 0    ; 0            ; |custom_reg|lpm_divide:Mod0|lpm_divide_45m:auto_generated|sign_div_unsign_bkh:divider|alt_u_div_ove:divider ; work         ;
+----------------------------------------+-------------------+--------------+-------------+--------------+---------+-----------+------+--------------+-------------------------------------------------------------------------------------------------------------+--------------+
Note: For table entries with two numbers listed, the numbers in parentheses indicate the number of resources of the given type used by the specific entity alone. The numbers listed outside of parentheses indicate the total resources of the given type used by the specific entity and all of its sub-entities in the hierarchy.


+----------------------------------------------------------------------------------------------------+
; User-Specified and Inferred Latches                                                                ;
+-----------------------------------------------------+---------------------+------------------------+
; Latch Name                                          ; Latch Enable Signal ; Free of Timing Hazards ;
+-----------------------------------------------------+---------------------+------------------------+
; HEX0[0]$latch                                       ; Mux10               ; yes                    ;
; HEX0[1]$latch                                       ; Mux10               ; yes                    ;
; HEX0[2]$latch                                       ; Mux10               ; yes                    ;
; HEX0[3]$latch                                       ; Mux10               ; yes                    ;
; HEX0[4]$latch                                       ; Mux10               ; yes                    ;
; HEX0[5]$latch                                       ; Mux10               ; yes                    ;
; HEX0[6]$latch                                       ; Mux10               ; yes                    ;
; HEX1[0]$latch                                       ; Mux0                ; yes                    ;
; HEX1[1]$latch                                       ; Mux0                ; yes                    ;
; HEX1[2]$latch                                       ; Mux0                ; yes                    ;
; HEX1[3]$latch                                       ; Mux0                ; yes                    ;
; HEX1[4]$latch                                       ; Mux0                ; yes                    ;
; HEX1[5]$latch                                       ; Mux0                ; yes                    ;
; HEX1[6]$latch                                       ; Mux0                ; yes                    ;
; Number of user-specified and inferred latches = 14  ;                     ;                        ;
+-----------------------------------------------------+---------------------+------------------------+
Note: All latches listed above may not be present at the end of synthesis due to various synthesis optimizations.


+------------------------------------------------------+
; General Register Statistics                          ;
+----------------------------------------------+-------+
; Statistic                                    ; Value ;
+----------------------------------------------+-------+
; Total registers                              ; 20    ;
; Number of registers using Synchronous Clear  ; 0     ;
; Number of registers using Synchronous Load   ; 0     ;
; Number of registers using Asynchronous Clear ; 18    ;
; Number of registers using Asynchronous Load  ; 0     ;
; Number of registers using Clock Enable       ; 17    ;
; Number of registers using Preset             ; 0     ;
+----------------------------------------------+-------+


+--------------------------------------------------+
; Inverted Register Statistics                     ;
+----------------------------------------+---------+
; Inverted Register                      ; Fan out ;
+----------------------------------------+---------+
; flag~reg0                              ; 3       ;
; Total number of inverted registers = 1 ;         ;
+----------------------------------------+---------+


+------------------------------------------------------------------+
; Parameter Settings for Inferred Entity Instance: lpm_divide:Div0 ;
+------------------------+----------------+------------------------+
; Parameter Name         ; Value          ; Type                   ;
+------------------------+----------------+------------------------+
; LPM_WIDTHN             ; 32             ; Untyped                ;
; LPM_WIDTHD             ; 4              ; Untyped                ;
; LPM_NREPRESENTATION    ; UNSIGNED       ; Untyped                ;
; LPM_DREPRESENTATION    ; UNSIGNED       ; Untyped                ;
; LPM_PIPELINE           ; 0              ; Untyped                ;
; LPM_REMAINDERPOSITIVE  ; TRUE           ; Untyped                ;
; MAXIMIZE_SPEED         ; 5              ; Untyped                ;
; CBXI_PARAMETER         ; lpm_divide_eem ; Untyped                ;
; CARRY_CHAIN            ; MANUAL         ; Untyped                ;
; OPTIMIZE_FOR_SPEED     ; 5              ; Untyped                ;
; AUTO_CARRY_CHAINS      ; ON             ; AUTO_CARRY             ;
; IGNORE_CARRY_BUFFERS   ; OFF            ; IGNORE_CARRY           ;
; AUTO_CASCADE_CHAINS    ; ON             ; AUTO_CASCADE           ;
; IGNORE_CASCADE_BUFFERS ; OFF            ; IGNORE_CASCADE         ;
+------------------------+----------------+------------------------+
Note: In order to hide this table in the UI and the text report file, please set the "Show Parameter Settings in Synthesis Report" option in "Analysis and Synthesis Settings -> More Settings" to "Off".


+------------------------------------------------------------------+
; Parameter Settings for Inferred Entity Instance: lpm_divide:Mod0 ;
+------------------------+----------------+------------------------+
; Parameter Name         ; Value          ; Type                   ;
+------------------------+----------------+------------------------+
; LPM_WIDTHN             ; 8              ; Untyped                ;
; LPM_WIDTHD             ; 4              ; Untyped                ;
; LPM_NREPRESENTATION    ; UNSIGNED       ; Untyped                ;
; LPM_DREPRESENTATION    ; UNSIGNED       ; Untyped                ;
; LPM_PIPELINE           ; 0              ; Untyped                ;
; LPM_REMAINDERPOSITIVE  ; TRUE           ; Untyped                ;
; MAXIMIZE_SPEED         ; 5              ; Untyped                ;
; CBXI_PARAMETER         ; lpm_divide_45m ; Untyped                ;
; CARRY_CHAIN            ; MANUAL         ; Untyped                ;
; OPTIMIZE_FOR_SPEED     ; 5              ; Untyped                ;
; AUTO_CARRY_CHAINS      ; ON             ; AUTO_CARRY             ;
; IGNORE_CARRY_BUFFERS   ; OFF            ; IGNORE_CARRY           ;
; AUTO_CASCADE_CHAINS    ; ON             ; AUTO_CASCADE           ;
; IGNORE_CASCADE_BUFFERS ; OFF            ; IGNORE_CASCADE         ;
+------------------------+----------------+------------------------+
Note: In order to hide this table in the UI and the text report file, please set the "Show Parameter Settings in Synthesis Report" option in "Analysis and Synthesis Settings -> More Settings" to "Off".


+-------------------------------+
; Elapsed Time Per Partition    ;
+----------------+--------------+
; Partition Name ; Elapsed Time ;
+----------------+--------------+
; Top            ; 00:00:00     ;
+----------------+--------------+


+-------------------------------+
; Analysis & Synthesis Messages ;
+-------------------------------+
Info: *******************************************************************
Info: Running Quartus II 64-Bit Analysis & Synthesis
    Info: Version 13.0.1 Build 232 06/12/2013 Service Pack 1 SJ Web Edition
    Info: Processing started: Wed May 11 15:45:37 2022
Info: Command: quartus_map --read_settings_files=on --write_settings_files=off custom_trigger -c custom_trigger
Warning (20028): Parallel compilation is not licensed and has been disabled
Info (12021): Found 1 design units, including 1 entities, in source file custom_reg.v
    Info (12023): Found entity 1: custom_reg
Info (12021): Found 1 design units, including 1 entities, in source file key_test.v
    Info (12023): Found entity 1: key_test
Warning (10236): Verilog HDL Implicit Net warning at custom_reg.v(30): created implicit net for "INV_KEY_1"
Warning (10236): Verilog HDL Implicit Net warning at custom_reg.v(31): created implicit net for "INV_KEY_0"
Info (12127): Elaborating entity "custom_reg" for the top level hierarchy
Warning (10855): Verilog HDL warning at custom_reg.v(28): initial value for variable is_even should be constant
Warning (10230): Verilog HDL assignment warning at custom_reg.v(46): truncated value with size 32 to match size of target (8)
Warning (10230): Verilog HDL assignment warning at custom_reg.v(56): truncated value with size 32 to match size of target (4)
Warning (10230): Verilog HDL assignment warning at custom_reg.v(57): truncated value with size 32 to match size of target (4)
Warning (10270): Verilog HDL Case Statement warning at custom_reg.v(63): incomplete case statement has no default case item
Warning (10270): Verilog HDL Case Statement warning at custom_reg.v(75): incomplete case statement has no default case item
Warning (10240): Verilog HDL Always Construct warning at custom_reg.v(34): inferring latch(es) for variable "HEX1", which holds its previous value in one or more paths through the always construct
Warning (10240): Verilog HDL Always Construct warning at custom_reg.v(34): inferring latch(es) for variable "HEX0", which holds its previous value in one or more paths through the always construct
Warning (10034): Output port "sw_event" at custom_reg.v(5) has no driver
Info (10041): Inferred latch for "HEX0[0]" at custom_reg.v(34)
Info (10041): Inferred latch for "HEX0[1]" at custom_reg.v(34)
Info (10041): Inferred latch for "HEX0[2]" at custom_reg.v(34)
Info (10041): Inferred latch for "HEX0[3]" at custom_reg.v(34)
Info (10041): Inferred latch for "HEX0[4]" at custom_reg.v(34)
Info (10041): Inferred latch for "HEX0[5]" at custom_reg.v(34)
Info (10041): Inferred latch for "HEX0[6]" at custom_reg.v(34)
Info (10041): Inferred latch for "HEX1[0]" at custom_reg.v(34)
Info (10041): Inferred latch for "HEX1[1]" at custom_reg.v(34)
Info (10041): Inferred latch for "HEX1[2]" at custom_reg.v(34)
Info (10041): Inferred latch for "HEX1[3]" at custom_reg.v(34)
Info (10041): Inferred latch for "HEX1[4]" at custom_reg.v(34)
Info (10041): Inferred latch for "HEX1[5]" at custom_reg.v(34)
Info (10041): Inferred latch for "HEX1[6]" at custom_reg.v(34)
Info (278001): Inferred 2 megafunctions from design logic
    Info (278004): Inferred divider/modulo megafunction ("lpm_divide") from the following logic: "Div0"
    Info (278004): Inferred divider/modulo megafunction ("lpm_divide") from the following logic: "Mod0"
Info (12130): Elaborated megafunction instantiation "lpm_divide:Div0"
Info (12133): Instantiated megafunction "lpm_divide:Div0" with the following parameter:
    Info (12134): Parameter "LPM_WIDTHN" = "32"
    Info (12134): Parameter "LPM_WIDTHD" = "4"
    Info (12134): Parameter "LPM_NREPRESENTATION" = "UNSIGNED"
    Info (12134): Parameter "LPM_DREPRESENTATION" = "UNSIGNED"
Info (12021): Found 1 design units, including 1 entities, in source file db/lpm_divide_eem.tdf
    Info (12023): Found entity 1: lpm_divide_eem
Info (12021): Found 1 design units, including 1 entities, in source file db/sign_div_unsign_olh.tdf
    Info (12023): Found entity 1: sign_div_unsign_olh
Info (12021): Found 1 design units, including 1 entities, in source file db/alt_u_div_i2f.tdf
    Info (12023): Found entity 1: alt_u_div_i2f
Info (12021): Found 1 design units, including 1 entities, in source file db/add_sub_lkc.tdf
    Info (12023): Found entity 1: add_sub_lkc
Info (12021): Found 1 design units, including 1 entities, in source file db/add_sub_mkc.tdf
    Info (12023): Found entity 1: add_sub_mkc
Info (12130): Elaborated megafunction instantiation "lpm_divide:Mod0"
Info (12133): Instantiated megafunction "lpm_divide:Mod0" with the following parameter:
    Info (12134): Parameter "LPM_WIDTHN" = "8"
    Info (12134): Parameter "LPM_WIDTHD" = "4"
    Info (12134): Parameter "LPM_NREPRESENTATION" = "UNSIGNED"
    Info (12134): Parameter "LPM_DREPRESENTATION" = "UNSIGNED"
Info (12021): Found 1 design units, including 1 entities, in source file db/lpm_divide_45m.tdf
    Info (12023): Found entity 1: lpm_divide_45m
Info (12021): Found 1 design units, including 1 entities, in source file db/sign_div_unsign_bkh.tdf
    Info (12023): Found entity 1: sign_div_unsign_bkh
Info (12021): Found 1 design units, including 1 entities, in source file db/alt_u_div_ove.tdf
    Info (12023): Found entity 1: alt_u_div_ove
Warning (13012): Latch HEX0[0]$latch has unsafe behavior
    Warning (13013): Ports D and ENA on the latch are fed by the same signal counter[1]~reg0
Warning (13012): Latch HEX0[1]$latch has unsafe behavior
    Warning (13013): Ports D and ENA on the latch are fed by the same signal counter[1]~reg0
Warning (13012): Latch HEX0[2]$latch has unsafe behavior
    Warning (13013): Ports D and ENA on the latch are fed by the same signal counter[1]~reg0
Warning (13012): Latch HEX0[3]$latch has unsafe behavior
    Warning (13013): Ports D and ENA on the latch are fed by the same signal counter[1]~reg0
Warning (13012): Latch HEX0[4]$latch has unsafe behavior
    Warning (13013): Ports D and ENA on the latch are fed by the same signal counter[1]~reg0
Warning (13012): Latch HEX0[5]$latch has unsafe behavior
    Warning (13013): Ports D and ENA on the latch are fed by the same signal counter[1]~reg0
Warning (13012): Latch HEX0[6]$latch has unsafe behavior
    Warning (13013): Ports D and ENA on the latch are fed by the same signal counter[1]~reg0
Warning (13012): Latch HEX1[0]$latch has unsafe behavior
    Warning (13013): Ports D and ENA on the latch are fed by the same signal lpm_divide:Div0|lpm_divide_eem:auto_generated|sign_div_unsign_olh:divider|alt_u_div_i2f:divider|add_sub_30_result_int[5]~synth
Warning (13012): Latch HEX1[1]$latch has unsafe behavior
    Warning (13013): Ports D and ENA on the latch are fed by the same signal lpm_divide:Div0|lpm_divide_eem:auto_generated|sign_div_unsign_olh:divider|alt_u_div_i2f:divider|add_sub_29_result_int[5]~synth
Warning (13012): Latch HEX1[2]$latch has unsafe behavior
    Warning (13013): Ports D and ENA on the latch are fed by the same signal lpm_divide:Div0|lpm_divide_eem:auto_generated|sign_div_unsign_olh:divider|alt_u_div_i2f:divider|add_sub_30_result_int[5]~synth
Warning (13012): Latch HEX1[3]$latch has unsafe behavior
    Warning (13013): Ports D and ENA on the latch are fed by the same signal lpm_divide:Div0|lpm_divide_eem:auto_generated|sign_div_unsign_olh:divider|alt_u_div_i2f:divider|add_sub_30_result_int[5]~synth
Warning (13012): Latch HEX1[4]$latch has unsafe behavior
    Warning (13013): Ports D and ENA on the latch are fed by the same signal lpm_divide:Div0|lpm_divide_eem:auto_generated|sign_div_unsign_olh:divider|alt_u_div_i2f:divider|add_sub_30_result_int[5]~synth
Warning (13012): Latch HEX1[5]$latch has unsafe behavior
    Warning (13013): Ports D and ENA on the latch are fed by the same signal lpm_divide:Div0|lpm_divide_eem:auto_generated|sign_div_unsign_olh:divider|alt_u_div_i2f:divider|add_sub_30_result_int[5]~synth
Warning (13012): Latch HEX1[6]$latch has unsafe behavior
    Warning (13013): Ports D and ENA on the latch are fed by the same signal lpm_divide:Div0|lpm_divide_eem:auto_generated|sign_div_unsign_olh:divider|alt_u_div_i2f:divider|add_sub_30_result_int[5]~synth
Warning (13024): Output pins are stuck at VCC or GND
    Warning (13410): Pin "sw_event" is stuck at GND
    Warning (13410): Pin "event_sync_reg[0]" is stuck at GND
    Warning (13410): Pin "event_sync_reg[1]" is stuck at GND
    Warning (13410): Pin "event_sync_reg[2]" is stuck at GND
    Warning (13410): Pin "HEX2[0]" is stuck at VCC
    Warning (13410): Pin "HEX2[1]" is stuck at VCC
    Warning (13410): Pin "HEX2[2]" is stuck at VCC
    Warning (13410): Pin "HEX2[3]" is stuck at VCC
    Warning (13410): Pin "HEX2[4]" is stuck at VCC
    Warning (13410): Pin "HEX2[5]" is stuck at VCC
    Warning (13410): Pin "HEX2[6]" is stuck at VCC
    Warning (13410): Pin "HEX3[0]" is stuck at VCC
    Warning (13410): Pin "HEX3[1]" is stuck at VCC
    Warning (13410): Pin "HEX3[2]" is stuck at VCC
    Warning (13410): Pin "HEX3[3]" is stuck at VCC
    Warning (13410): Pin "HEX3[4]" is stuck at VCC
    Warning (13410): Pin "HEX3[5]" is stuck at VCC
    Warning (13410): Pin "HEX3[6]" is stuck at VCC
Info (144001): Generated suppressed messages file E:/Cvartus/Projects/Lab4_trigger/output_files/custom_trigger.map.smsg
Info (16010): Generating hard_block partition "hard_block:auto_generated_inst"
    Info (16011): Adding 0 node(s), including 0 DDIO, 0 PLL, 0 transceiver and 0 LCELL
Info (21057): Implemented 296 device resources after synthesis - the final resource count might be different
    Info (21058): Implemented 4 input pins
    Info (21059): Implemented 78 output pins
    Info (21061): Implemented 214 logic cells
Info: Quartus II 64-Bit Analysis & Synthesis was successful. 0 errors, 59 warnings
    Info: Peak virtual memory: 4617 megabytes
    Info: Processing ended: Wed May 11 15:45:38 2022
    Info: Elapsed time: 00:00:01
    Info: Total CPU time (on all processors): 00:00:01


+------------------------------------------+
; Analysis & Synthesis Suppressed Messages ;
+------------------------------------------+
The suppressed messages can be found in E:/Cvartus/Projects/Lab4_trigger/output_files/custom_trigger.map.smsg.


